<?xml version="1.0" encoding="UTF-8"?>
<!-- Generated by org.testng.reporters.JUnitReportReporter -->
<testsuite skipped="0" hostname="LAPTOP-S9IOA6T6" name="genrick_libries.Base_class" tests="1" failures="0" timestamp="2023-07-15T19:16:40 IST" time="3.972" errors="0">
  <testcase name="launchingBrowser" time="3.972" classname="genrick_libries.Base_class"/>
  <system-out/>
</testsuite> <!-- genrick_libries.Base_class -->
