<?xml version="1.0" encoding="UTF-8"?>
<!-- Generated by org.testng.reporters.JUnitReportReporter -->
<testsuite skipped="0" hostname="LAPTOP-S9IOA6T6" name="login.TC_01_Test" tests="1" failures="0" timestamp="2023-07-15T22:51:35 IST" time="11.425" errors="0">
  <testcase name="login" time="11.425" classname="login.TC_01_Test"/>
  <system-out/>
</testsuite> <!-- login.TC_01_Test -->
