<?xml version="1.0" encoding="UTF-8"?>
<!-- Generated by org.testng.reporters.JUnitReportReporter -->
<testsuite skipped="0" hostname="LAPTOP-S9IOA6T6" name="genrick_libries.Bsae_class" tests="1" failures="0" timestamp="2023-07-15T15:45:12 IST" time="10.578" errors="0">
  <testcase name="launchingBrowser" time="10.578" classname="genrick_libries.Bsae_class"/>
  <system-out/>
</testsuite> <!-- genrick_libries.Bsae_class -->
